<?xml version="1.0" encoding="UTF-8"?>
<!-- Generated by org.testng.reporters.JUnitReportReporter -->
<testsuite hostname="dream-pc" name="roughwork.WebDriverTemplate_YahooCSS" tests="1" failures="0" timestamp="10 Feb 2015 21:29:19 GMT" time="8.524" errors="0">
  <testcase name="testyahoo" time="8.524" classname="roughwork.WebDriverTemplate_YahooCSS"/>
</testsuite> <!-- roughwork.WebDriverTemplate_YahooCSS -->
