<?xml version="1.0" encoding="UTF-8"?>
<!-- Generated by org.testng.reporters.JUnitReportReporter -->
<testsuite hostname="dream-pc" name="com.FittedHomeAlarms.CheckingLinks.Home_TopMenu" tests="1" failures="0" timestamp="22 Jan 2015 22:31:36 GMT" time="71.364" errors="0">
  <testcase name="Home_TopMenu" time="71.364" classname="com.FittedHomeAlarms.CheckingLinks.Home_TopMenu"/>
</testsuite> <!-- com.FittedHomeAlarms.CheckingLinks.Home_TopMenu -->
