<?xml version="1.0" encoding="UTF-8"?>
<!-- Generated by org.testng.reporters.JUnitReportReporter -->
<testsuite hostname="dream-pc" name="com.FittedHomeAlarms.CheckingLinks.TopMainLinks" tests="4" failures="0" timestamp="22 Jan 2015 21:27:48 GMT" time="42.536" errors="0">
  <testcase name="TopMainLinks" time="7.057" classname="com.FittedHomeAlarms.CheckingLinks.TopMainLinks"/>
  <testcase name="TopMainLinks" time="8.280" classname="com.FittedHomeAlarms.CheckingLinks.TopMainLinks"/>
  <testcase name="TopMainLinks" time="12.869" classname="com.FittedHomeAlarms.CheckingLinks.TopMainLinks"/>
  <testcase name="TopMainLinks" time="14.330" classname="com.FittedHomeAlarms.CheckingLinks.TopMainLinks"/>
</testsuite>
